yDSP/build/outputs/logs/manifest-merger-release-report.txt
-- Merging decision tree log ---
manifest
ADDED from src\main\AndroidManifest.xml:2:1-674:12
INJECTED from src\main\AndroidManifest.xml:2:1-674:12
INJECTED from src\main\AndroidManifest.xml:2:1-674:12
INJECTED from src\main\AndroidManifest.xml:2:1-674:12
MERGED from [:libraryPull] AndroidManifest.xml:2:1-13:12
MERGED from [com.android.support:appcompat-v7:25.0.0] AndroidManifest.xml:17:1-27:12
MERGED from [com.google.android.gms:play-services-appindexing:8.4.0] AndroidManifest.xml:16:1-20:12
MERGED from [com.lcodecorex:tkrefreshlayout:1.0.7] AndroidManifest.xml:2:1-17:12
MERGED from [com.android.support:recyclerview-v7:25.4.0] AndroidManifest.xml:17:1-28:12
MERGED from [com.jiechic.library:xUtils:2.6.14] AndroidManifest.xml:2:1-13:12
MERGED from [com.youth.banner:banner:1.4.9] AndroidManifest.xml:2:1-11:12
MERGED from [com.google.android.gms:play-services-base:8.4.0] AndroidManifest.xml:16:1-19:12
MERGED from [com.google.android.gms:play-services-basement:8.4.0] AndroidManifest.xml:16:1-26:12
MERGED from [com.android.support:support-v4:25.2.0] AndroidManifest.xml:17:1-27:12
MERGED from [com.android.support:animated-vector-drawable:25.0.0] AndroidManifest.xml:17:1-24:12
MERGED from [com.android.support:support-vector-drawable:25.0.0] AndroidManifest.xml:17:1-25:12
MERGED from [com.android.support:support-fragment:25.2.0] AndroidManifest.xml:17:1-27:12
MERGED from [com.android.support:support-media-compat:25.2.0] AndroidManifest.xml:17:1-27:12
MERGED from [com.android.support:support-core-utils:25.2.0] AndroidManifest.xml:17:1-27:12
MERGED from [com.android.support:support-core-ui:25.4.0] AndroidManifest.xml:17:1-31:12
MERGED from [com.android.support:support-compat:25.4.0] AndroidManifest.xml:17:1-31:12
INJECTED from src\main\AndroidManifest.xml:2:1-674:12
INJECTED from src\main\AndroidManifest.xml:2:1-674:12
INJECTED from src\main\AndroidManifest.xml:2:1-674:12
	package
		ADDED from src\main\AndroidManifest.xml:3:5-30
		INJECTED from src\main\AndroidManifest.xml
		INJECTED from src\main\AndroidManifest.xml
	android:versionName
		ADDED from src\main\AndroidManifest.xml:5:5-30
		INJECTED from src\main\AndroidManifest.xml
		INJECTED from src\main\AndroidManifest.xml
	xmlns:android
		ADDED from src\main\AndroidManifest.xml:2:11-69
	android:versionCode
		ADDED from src\main\AndroidManifest.xml:4:5-28
		INJECTED from src\main\AndroidManifest.xml
		INJECTED from src\main\AndroidManifest.xml
uses-sdk
ADDED from src\main\AndroidManifest.xml:7:5-9:41
INJECTED from src\main\AndroidManifest.xml:7:5-9:41
INJECTED from src\main\AndroidManifest.xml:7:5-9:41
MERGED from [:libraryPull] AndroidManifest.xml:7:5-9:41
MERGED from [:libraryPull] AndroidManifest.xml:7:5-9:41
MERGED from [com.android.support:appcompat-v7:25.0.0] AndroidManifest.xml:21:5-23:78
MERGED from [com.android.support:appcompat-v7:25.0.0] AndroidManifest.xml:21:5-23:78
MERGED from [com.google.android.gms:play-services-appindexing:8.4.0] AndroidManifest.xml:18:5-42
MERGED from [com.google.android.gms:play-services-appindexing:8.4.0] AndroidManifest.xml:18:5-42
MERGED from [com.lcodecorex:tkrefreshlayout:1.0.7] AndroidManifest.xml:7:5-9:41
MERGED from [com.lcodecorex:tkrefreshlayout:1.0.7] AndroidManifest.xml:7:5-9:41
MERGED from [com.android.support:recyclerview-v7:25.4.0] AndroidManifest.xml:20:5-43
MERGED from [com.android.support:recyclerview-v7:25.4.0] AndroidManifest.xml:20:5-43
MERGED from [com.jiechic.library:xUtils:2.6.14] AndroidManifest.xml:7:5-9:41
MERGED from [com.jiechic.library:xUtils:2.6.14] AndroidManifest.xml:7:5-9:41
MERGED from [com.youth.banner:banner:1.4.9] AndroidManifest.xml:7:5-9:41
MERGED from [com.youth.banner:banner:1.4.9] AndroidManifest.xml:7:5-9:41
MERGED from [com.google.android.gms:play-services-base:8.4.0] AndroidManifest.xml:18:5-42
MERGED from [com.google.android.gms:play-services-base:8.4.0] AndroidManifest.xml:18:5-42
MERGED from [com.google.android.gms:play-services-basement:8.4.0] AndroidManifest.xml:18:5-42
MERGED from [com.google.android.gms:play-services-basement:8.4.0] AndroidManifest.xml:18:5-42
MERGED from [com.android.support:support-v4:25.2.0] AndroidManifest.xml:21:5-23:54
MERGED from [com.android.support:support-v4:25.2.0] AndroidManifest.xml:21:5-23:54
MERGED from [com.android.support:animated-vector-drawable:25.0.0] AndroidManifest.xml:20:5-44
MERGED from [com.android.support:animated-vector-drawable:25.0.0] AndroidManifest.xml:20:5-44
MERGED from [com.android.support:support-vector-drawable:25.0.0] AndroidManifest.xml:21:5-43
MERGED from [com.android.support:support-vector-drawable:25.0.0] AndroidManifest.xml:21:5-43
MERGED from [com.android.support:support-fragment:25.2.0] AndroidManifest.xml:21:5-23:60
MERGED from [com.android.support:support-fragment:25.2.0] AndroidManifest.xml:21:5-23:60
MERGED from [com.android.support:support-media-compat:25.2.0] AndroidManifest.xml:21:5-23:63
MERGED from [com.android.support:support-media-compat:25.2.0] AndroidManifest.xml:21:5-23:63
MERGED from [com.android.support:support-core-utils:25.2.0] AndroidManifest.xml:21:5-23:61
MERGED from [com.android.support:support-core-utils:25.2.0] AndroidManifest.xml:21:5-23:61
MERGED from [com.android.support:support-core-ui:25.4.0] AndroidManifest.xml:21:5-23:58
MERGED from [com.android.support:support-core-ui:25.4.0] AndroidManifest.xml:21:5-23:58
MERGED from [com.android.support:support-compat:25.4.0] AndroidManifest.xml:21:5-23:58
MERGED from [com.android.support:support-compat:25.4.0] AndroidManifest.xml:21:5-23:58
INJECTED from src\main\AndroidManifest.xml:7:5-9:41
INJECTED from src\main\AndroidManifest.xml:7:5-9:41
	tools:overrideLibrary
		ADDED from [com.android.support:appcompat-v7:25.0.0] AndroidManifest.xml:23:9-75
	android:targetSdkVersion
		ADDED from src\main\AndroidManifest.xml:9:9-38
		INJECTED from src\main\AndroidManifest.xml
		INJECTED from src\main\AndroidManifest.xml
	android:minSdkVersion
		ADDED from src\main\AndroidManifest.xml:8:9-35
		INJECTED from src\main\AndroidManifest.xml
		INJECTED from src\main\AndroidManifest.xml
supports-screens
ADDED from src\main\AndroidManifest.xml:11:5-16:40
	android:largeScreens
		ADDED from src\main\AndroidManifest.xml:13:9-36
	android:smallScreens
		ADDED from src\main\AndroidManifest.xml:15:9-36
	android:normalScreens
		ADDED from src\main\AndroidManifest.xml:14:9-37
	android:xlargeScreens
		ADDED from src\main\AndroidManifest.xml:16:9-37
	android:anyDensity
		ADDED from src\main\AndroidManifest.xml:12:9-34
uses-permission#android.permission.INTERNET
ADDED from src\main\AndroidManifest.xml:19:5-67
	android:name
		ADDED from src\main\AndroidManifest.xml:19:22-64
uses-permission#android.permission.ACCESS_WIFI_STATE
ADDED from src\main\AndroidManifest.xml:21:5-76
	android:name
		ADDED from src\main\AndroidManifest.xml:21:22-73
uses-permission#android.permission.ACCESS_NETWORK_STATE
ADDED from src\main\AndroidManifest.xml:23:5-79
	android:name
		ADDED from src\main\AndroidManifest.xml:23:22-76
uses-permission#android.permission.INTERACT_ACROSS_USERS_FULL
ADDED from src\main\AndroidManifest.xml:24:5-85
	android:name
		ADDED from src\main\AndroidManifest.xml:24:22-82
uses-permission#android.permission.WRITE_EXTERNAL_STORAGE
ADDED from src\main\AndroidManifest.xml:26:5-81
	android:name
		ADDED from src\main\AndroidManifest.xml:26:22-78
uses-feature#android.hardware.camera
ADDED from src\main\AndroidManifest.xml:28:5-60
	android:name
		ADDED from src\main\AndroidManifest.xml:28:19-57
uses-feature#android.hardware.camera.autofocus
ADDED from src\main\AndroidManifest.xml:29:5-70
	android:name
		ADDED from src\main\AndroidManifest.xml:29:19-67
uses-permission#android.permission.CAMERA
ADDED from src\main\AndroidManifest.xml:31:5-65
	android:name
		ADDED from src\main\AndroidManifest.xml:31:22-62
application
ADDED from src\main\AndroidManifest.xml:34:5-672:19
MERGED from [:libraryPull] AndroidManifest.xml:11:5-20
MERGED from [:libraryPull] AndroidManifest.xml:11:5-20
MERGED from [com.android.support:appcompat-v7:25.0.0] AndroidManifest.xml:25:5-20
MERGED from [com.android.support:appcompat-v7:25.0.0] AndroidManifest.xml:25:5-20
MERGED from [com.google.android.gms:play-services-appindexing:8.4.0] AndroidManifest.xml:19:5-20
MERGED from [com.google.android.gms:play-services-appindexing:8.4.0] AndroidManifest.xml:19:5-20
MERGED from [com.lcodecorex:tkrefreshlayout:1.0.7] AndroidManifest.xml:11:5-15:19
MERGED from [com.lcodecorex:tkrefreshlayout:1.0.7] AndroidManifest.xml:11:5-15:19
MERGED from [com.android.support:recyclerview-v7:25.4.0] AndroidManifest.xml:22:5-26:19
MERGED from [com.android.support:recyclerview-v7:25.4.0] AndroidManifest.xml:22:5-26:19
MERGED from [com.jiechic.library:xUtils:2.6.14] AndroidManifest.xml:11:5-20
MERGED from [com.jiechic.library:xUtils:2.6.14] AndroidManifest.xml:11:5-20
MERGED from [com.google.android.gms:play-services-basement:8.4.0] AndroidManifest.xml:20:5-24:19
MERGED from [com.google.android.gms:play-services-basement:8.4.0] AndroidManifest.xml:20:5-24:19
MERGED from [com.android.support:support-v4:25.2.0] AndroidManifest.xml:25:5-20
MERGED from [com.android.support:support-v4:25.2.0] AndroidManifest.xml:25:5-20
MERGED from [com.android.support:animated-vector-drawable:25.0.0] AndroidManifest.xml:22:5-20
MERGED from [com.android.support:animated-vector-drawable:25.0.0] AndroidManifest.xml:22:5-20
MERGED from [com.android.support:support-vector-drawable:25.0.0] AndroidManifest.xml:23:5-20
MERGED from [com.android.support:support-vector-drawable:25.0.0] AndroidManifest.xml:23:5-20
MERGED from [com.android.support:support-fragment:25.2.0] AndroidManifest.xml:25:5-20
MERGED from [com.android.support:support-fragment:25.2.0] AndroidManifest.xml:25:5-20
MERGED from [com.android.support:support-media-compat:25.2.0] AndroidManifest.xml:25:5-20
MERGED from [com.android.support:support-media-compat:25.2.0] AndroidManifest.xml:25:5-20
MERGED from [com.android.support:support-core-utils:25.2.0] AndroidManifest.xml:25:5-20
MERGED from [com.android.support:support-core-utils:25.2.0] AndroidManifest.xml:25:5-20
MERGED from [com.android.support:support-core-ui:25.4.0] AndroidManifest.xml:25:5-29:19
MERGED from [com.android.support:support-core-ui:25.4.0] AndroidManifest.xml:25:5-29:19
MERGED from [com.android.support:support-compat:25.4.0] AndroidManifest.xml:25:5-29:19
MERGED from [com.android.support:support-compat:25.4.0] AndroidManifest.xml:25:5-29:19
	android:supportsRtl
		ADDED from [com.lcodecorex:tkrefreshlayout:1.0.7] AndroidManifest.xml:14:9-35
	android:label
		ADDED from src\main\AndroidManifest.xml:38:9-41
	android:icon
		ADDED from src\main\AndroidManifest.xml:37:9-37
	android:allowBackup
		ADDED from src\main\AndroidManifest.xml:35:9-35
	android:name
		ADDED from src\main\AndroidManifest.xml:36:9-84
activity#com.zq.xinjiang.government.activity.G_WelcomeActivity
ADDED from src\main\AndroidManifest.xml:40:9-50:20
	android:screenOrientation
		ADDED from src\main\AndroidManifest.xml:43:13-49
	android:label
		ADDED from src\main\AndroidManifest.xml:42:13-45
	android:windowSoftInputMode
		ADDED from src\main\AndroidManifest.xml:45:4-55
	android:theme
		ADDED from src\main\AndroidManifest.xml:44:13-47
	android:name
		ADDED from src\main\AndroidManifest.xml:41:13-81
intent-filter#android.intent.action.MAIN+android.intent.category.LAUNCHER
ADDED from src\main\AndroidManifest.xml:46:13-49:29
action#android.intent.action.MAIN
ADDED from src\main\AndroidManifest.xml:47:17-69
	android:name
		ADDED from src\main\AndroidManifest.xml:47:25-66
category#android.intent.category.LAUNCHER
ADDED from src\main\AndroidManifest.xml:48:17-77
	android:name
		ADDED from src\main\AndroidManifest.xml:48:27-74
activity#com.zq.xinjiang.approval.aactivity.LoginActivity
ADDED from src\main\AndroidManifest.xml:51:9-57:20
	android:screenOrientation
		ADDED from src\main\AndroidManifest.xml:54:13-49
	android:label
		ADDED from src\main\AndroidManifest.xml:53:13-45
	android:windowSoftInputMode
		ADDED from src\main\AndroidManifest.xml:56:13-64
	android:theme
		ADDED from src\main\AndroidManifest.xml:55:13-57
	android:name
		ADDED from src\main\AndroidManifest.xml:52:13-76
activity#com.zq.xinjiang.approval.aactivity.IPSheZhiActivity
ADDED from src\main\AndroidManifest.xml:58:9-64:20
	android:screenOrientation
		ADDED from src\main\AndroidManifest.xml:61:13-49
	android:label
		ADDED from src\main\AndroidManifest.xml:60:13-45
	android:windowSoftInputMode
		ADDED from src\main\AndroidManifest.xml:63:13-64
	android:theme
		ADDED from src\main\AndroidManifest.xml:62:13-57
	android:name
		ADDED from src\main\AndroidManifest.xml:59:13-79
activity#com.zq.xinjiang.approval.aactivity.SzxmmActivity
ADDED from src\main\AndroidManifest.xml:65:9-71:20
	android:screenOrientation
		ADDED from src\main\AndroidManifest.xml:68:13-49
	android:label
		ADDED from src\main\AndroidManifest.xml:67:13-45
	android:windowSoftInputMode
		ADDED from src\main\AndroidManifest.xml:70:13-64
	android:theme
		ADDED from src\main\AndroidManifest.xml:69:13-57
	android:name
		ADDED from src\main\AndroidManifest.xml:66:13-76
activity#com.zq.xinjiang.approval.aactivity.WcActivity
ADDED from src\main\AndroidManifest.xml:72:9-78:20
	android:screenOrientation
		ADDED from src\main\AndroidManifest.xml:75:13-49
	android:label
		ADDED from src\main\AndroidManifest.xml:74:13-45
	android:windowSoftInputMode
		ADDED from src\main\AndroidManifest.xml:77:13-64
	android:theme
		ADDED from src\main\AndroidManifest.xml:76:13-57
	android:name
		ADDED from src\main\AndroidManifest.xml:73:13-73
activity#com.zq.xinjiang.approval.aactivity.WjmmActivity
ADDED from src\main\AndroidManifest.xml:79:9-85:20
	android:screenOrientation
		ADDED from src\main\AndroidManifest.xml:82:13-49
	android:label
		ADDED from src\main\AndroidManifest.xml:81:13-45
	android:windowSoftInputMode
		ADDED from src\main\AndroidManifest.xml:84:13-64
	android:theme
		ADDED from src\main\AndroidManifest.xml:83:13-57
	android:name
		ADDED from src\main\AndroidManifest.xml:80:13-75
activity#com.zq.xinjiang.approval.aactivity.ShenPiYiJianActivity
ADDED from src\main\AndroidManifest.xml:86:9-92:20
	android:screenOrientation
		ADDED from src\main\AndroidManifest.xml:89:13-49
	android:label
		ADDED from src\main\AndroidManifest.xml:88:13-45
	android:windowSoftInputMode
		ADDED from src\main\AndroidManifest.xml:91:13-64
	android:theme
		ADDED from src\main\AndroidManifest.xml:90:13-57
	android:name
		ADDED from src\main\AndroidManifest.xml:87:13-83
activity#com.zq.xinjiang.approval.aactivity.BanJianXiangQingActivity
ADDED from src\main\AndroidManifest.xml:93:9-99:20
	android:screenOrientation
		ADDED from src\main\AndroidManifest.xml:96:13-49
	android:label
		ADDED from src\main\AndroidManifest.xml:95:13-45
	android:windowSoftInputMode
		ADDED from src\main\AndroidManifest.xml:98:13-64
	android:theme
		ADDED from src\main\AndroidManifest.xml:97:13-57
	android:name
		ADDED from src\main\AndroidManifest.xml:94:13-87
activity#com.zq.xinjiang.approval.homeactivity.BuMenBanJianActivity
ADDED from src\main\AndroidManifest.xml:100:9-106:20
	android:screenOrientation
		ADDED from src\main\AndroidManifest.xml:103:13-49
	android:label
		ADDED from src\main\AndroidManifest.xml:102:13-45
	android:windowSoftInputMode
		ADDED from src\main\AndroidManifest.xml:105:13-64
	android:theme
		ADDED from src\main\AndroidManifest.xml:104:13-57
	android:name
		ADDED from src\main\AndroidManifest.xml:101:13-86
activity#com.zq.xinjiang.approval.activity.BmybShowListActivity
ADDED from src\main\AndroidManifest.xml:107:9-113:20
	android:screenOrientation
		ADDED from src\main\AndroidManifest.xml:110:13-49
	android:label
		ADDED from src\main\AndroidManifest.xml:109:13-45
	android:windowSoftInputMode
		ADDED from src\main\AndroidManifest.xml:112:13-64
	android:theme
		ADDED from src\main\AndroidManifest.xml:111:13-57
	android:name
		ADDED from src\main\AndroidManifest.xml:108:13-82
activity#com.zq.xinjiang.approval.aactivity.DuBanActivity
ADDED from src\main\AndroidManifest.xml:114:9-120:20
	android:screenOrientation
		ADDED from src\main\AndroidManifest.xml:117:13-49
	android:label
		ADDED from src\main\AndroidManifest.xml:116:13-45
	android:windowSoftInputMode
		ADDED from src\main\AndroidManifest.xml:119:13-64
	android:theme
		ADDED from src\main\AndroidManifest.xml:118:13-57
	android:name
		ADDED from src\main\AndroidManifest.xml:115:13-76
activity#com.zq.xinjiang.approval.homeactivity.ShouFeiFenXiActivity
ADDED from src\main\AndroidManifest.xml:121:9-128:20
	android:screenOrientation
		ADDED from src\main\AndroidManifest.xml:125:13-49
	android:label
		ADDED from src\main\AndroidManifest.xml:124:13-45
	android:hardwareAccelerated
		ADDED from src\main\AndroidManifest.xml:123:13-48
	android:windowSoftInputMode
		ADDED from src\main\AndroidManifest.xml:127:13-64
	android:theme
		ADDED from src\main\AndroidManifest.xml:126:13-57
	android:name
		ADDED from src\main\AndroidManifest.xml:122:13-86
activity#com.zq.xinjiang.approval.activity.SflbActivity
ADDED from src\main\AndroidManifest.xml:129:9-136:20
	android:screenOrientation
		ADDED from src\main\AndroidManifest.xml:133:13-49
	android:label
		ADDED from src\main\AndroidManifest.xml:132:13-45
	android:hardwareAccelerated
		ADDED from src\main\AndroidManifest.xml:131:13-48
	android:windowSoftInputMode
		ADDED from src\main\AndroidManifest.xml:135:13-64
	android:theme
		ADDED from src\main\AndroidManifest.xml:134:13-57
	android:name
		ADDED from src\main\AndroidManifest.xml:130:13-74
activity#com.zq.xinjiang.approval.activity.BaoYanChuLiActivity
ADDED from src\main\AndroidManifest.xml:137:9-144:20
	android:screenOrientation
		ADDED from src\main\AndroidManifest.xml:141:13-49
	android:label
		ADDED from src\main\AndroidManifest.xml:140:13-45
	android:hardwareAccelerated
		ADDED from src\main\AndroidManifest.xml:139:13-48
	android:windowSoftInputMode
		ADDED from src\main\AndroidManifest.xml:143:13-64
	android:theme
		ADDED from src\main\AndroidManifest.xml:142:13-57
	android:name
		ADDED from src\main\AndroidManifest.xml:138:13-81
activity#com.zq.xinjiang.approval.aactivity.ChaKanDuanXiaoXiActivity
ADDED from src\main\AndroidManifest.xml:145:9-151:20
	android:screenOrientation
		ADDED from src\main\AndroidManifest.xml:148:13-49
	android:label
		ADDED from src\main\AndroidManifest.xml:147:13-45
	android:windowSoftInputMode
		ADDED from src\main\AndroidManifest.xml:150:13-64
	android:theme
		ADDED from src\main\AndroidManifest.xml:149:13-57
	android:name
		ADDED from src\main\AndroidManifest.xml:146:13-87
activity#com.zq.xinjiang.approval.aactivity.FaSongDuanXiaoXiActivity
ADDED from src\main\AndroidManifest.xml:152:9-158:20
	android:screenOrientation
		ADDED from src\main\AndroidManifest.xml:155:13-49
	android:label
		ADDED from src\main\AndroidManifest.xml:154:13-45
	android:windowSoftInputMode
		ADDED from src\main\AndroidManifest.xml:157:13-64
	android:theme
		ADDED from src\main\AndroidManifest.xml:156:13-57
	android:name
		ADDED from src\main\AndroidManifest.xml:153:13-87
activity#com.zq.xinjiang.approval.aactivity.FaSongDuanXiaoXiActivity1
ADDED from src\main\AndroidManifest.xml:159:9-165:20
	android:screenOrientation
		ADDED from src\main\AndroidManifest.xml:162:13-49
	android:label
		ADDED from src\main\AndroidManifest.xml:161:13-45
	android:windowSoftInputMode
		ADDED from src\main\AndroidManifest.xml:164:13-64
	android:theme
		ADDED from src\main\AndroidManifest.xml:163:13-57
	android:name
		ADDED from src\main\AndroidManifest.xml:160:13-88
activity#com.zq.xinjiang.approval.aactivity.FaSongDuanXiaoXiActivity2
ADDED from src\main\AndroidManifest.xml:166:9-172:20
	android:screenOrientation
		ADDED from src\main\AndroidManifest.xml:169:13-49
	android:label
		ADDED from src\main\AndroidManifest.xml:168:13-45
	android:windowSoftInputMode
		ADDED from src\main\AndroidManifest.xml:171:13-64
	android:theme
		ADDED from src\main\AndroidManifest.xml:170:13-57
	android:name
		ADDED from src\main\AndroidManifest.xml:167:13-88
activity#com.zq.xinjiang.approval.activity.XzsjrActivity
ADDED from src\main\AndroidManifest.xml:173:9-179:20
	android:screenOrientation
		ADDED from src\main\AndroidManifest.xml:176:13-49
	android:label
		ADDED from src\main\AndroidManifest.xml:175:13-45
	android:windowSoftInputMode
		ADDED from src\main\AndroidManifest.xml:178:13-64
	android:theme
		ADDED from src\main\AndroidManifest.xml:177:13-57
	android:name
		ADDED from src\main\AndroidManifest.xml:174:13-75
activity#com.zq.xinjiang.approval.activity.XzsjrActivity1
ADDED from src\main\AndroidManifest.xml:180:9-186:20
	android:screenOrientation
		ADDED from src\main\AndroidManifest.xml:183:13-49
	android:label
		ADDED from src\main\AndroidManifest.xml:182:13-45
	android:windowSoftInputMode
		ADDED from src\main\AndroidManifest.xml:185:13-64
	android:theme
		ADDED from src\main\AndroidManifest.xml:184:13-57
	android:name
		ADDED from src\main\AndroidManifest.xml:181:13-76
activity#com.zq.xinjiang.approval.aactivity.XuanZeShouJianRenActivity3
ADDED from src\main\AndroidManifest.xml:187:9-193:20
	android:screenOrientation
		ADDED from src\main\AndroidManifest.xml:190:13-49
	android:label
		ADDED from src\main\AndroidManifest.xml:189:13-45
	android:windowSoftInputMode
		ADDED from src\main\AndroidManifest.xml:192:13-64
	android:theme
		ADDED from src\main\AndroidManifest.xml:191:13-57
	android:name
		ADDED from src\main\AndroidManifest.xml:188:13-89
activity#com.zq.xinjiang.approval.homeactivity.XiTongSheZhiActivity
ADDED from src\main\AndroidManifest.xml:194:9-200:20
	android:screenOrientation
		ADDED from src\main\AndroidManifest.xml:197:13-49
	android:label
		ADDED from src\main\AndroidManifest.xml:196:13-45
	android:windowSoftInputMode
		ADDED from src\main\AndroidManifest.xml:199:13-64
	android:theme
		ADDED from src\main\AndroidManifest.xml:198:13-57
	android:name
		ADDED from src\main\AndroidManifest.xml:195:13-86
activity#com.zq.xinjiang.approval.homeactivity.UserCenterActivity
ADDED from src\main\AndroidManifest.xml:201:9-207:20
	android:screenOrientation
		ADDED from src\main\AndroidManifest.xml:204:13-49
	android:label
		ADDED from src\main\AndroidManifest.xml:203:13-45
	android:windowSoftInputMode
		ADDED from src\main\AndroidManifest.xml:206:13-64
	android:theme
		ADDED from src\main\AndroidManifest.xml:205:13-57
	android:name
		ADDED from src\main\AndroidManifest.xml:202:13-84
activity#com.zq.xinjiang.approval.activity.EwmActivity
ADDED from src\main\AndroidManifest.xml:208:9-214:20
	android:screenOrientation
		ADDED from src\main\AndroidManifest.xml:211:13-49
	android:label
		ADDED from src\main\AndroidManifest.xml:210:13-45
	android:windowSoftInputMode
		ADDED from src\main\AndroidManifest.xml:213:13-64
	android:theme
		ADDED from src\main\AndroidManifest.xml:212:13-43
	android:name
		ADDED from src\main\AndroidManifest.xml:209:13-73
activity#com.zq.xinjiang.approval.aactivity.XiTongXiaoXiActivity1
ADDED from src\main\AndroidManifest.xml:215:9-221:20
	android:screenOrientation
		ADDED from src\main\AndroidManifest.xml:218:13-49
	android:label
		ADDED from src\main\AndroidManifest.xml:217:13-45
	android:windowSoftInputMode
		ADDED from src\main\AndroidManifest.xml:220:13-64
	android:theme
		ADDED from src\main\AndroidManifest.xml:219:13-57
	android:name
		ADDED from src\main\AndroidManifest.xml:216:13-84
activity#com.zq.xinjiang.approval.aactivity.XiTongXiaoXiActivity2
ADDED from src\main\AndroidManifest.xml:222:9-228:20
	android:screenOrientation
		ADDED from src\main\AndroidManifest.xml:225:13-49
	android:label
		ADDED from src\main\AndroidManifest.xml:224:13-45
	android:windowSoftInputMode
		ADDED from src\main\AndroidManifest.xml:227:13-64
	android:theme
		ADDED from src\main\AndroidManifest.xml:226:13-57
	android:name
		ADDED from src\main\AndroidManifest.xml:223:13-84
activity#com.zq.xinjiang.approval.activity.YhfkActivity
ADDED from src\main\AndroidManifest.xml:229:9-235:20
	android:screenOrientation
		ADDED from src\main\AndroidManifest.xml:232:13-49
	android:label
		ADDED from src\main\AndroidManifest.xml:231:13-45
	android:windowSoftInputMode
		ADDED from src\main\AndroidManifest.xml:234:13-64
	android:theme
		ADDED from src\main\AndroidManifest.xml:233:13-43
	android:name
		ADDED from src\main\AndroidManifest.xml:230:13-74
activity#com.zq.xinjiang.approval.aactivity.YongHuFanKuiActivity
ADDED from src\main\AndroidManifest.xml:236:9-242:20
	android:screenOrientation
		ADDED from src\main\AndroidManifest.xml:239:13-49
	android:label
		ADDED from src\main\AndroidManifest.xml:238:13-45
	android:windowSoftInputMode
		ADDED from src\main\AndroidManifest.xml:241:13-64
	android:theme
		ADDED from src\main\AndroidManifest.xml:240:13-57
	android:name
		ADDED from src\main\AndroidManifest.xml:237:13-83
activity#com.zq.xinjiang.approval.view.pic.AlbumActivity
ADDED from src\main\AndroidManifest.xml:243:9-248:20
	android:screenOrientation
		ADDED from src\main\AndroidManifest.xml:246:13-49
	android:label
		ADDED from src\main\AndroidManifest.xml:245:13-45
	android:windowSoftInputMode
		ADDED from src\main\AndroidManifest.xml:247:13-64
	android:name
		ADDED from src\main\AndroidManifest.xml:244:13-75
activity#com.zq.xinjiang.approval.view.pic.GalleryActivity
ADDED from src\main\AndroidManifest.xml:249:9-254:20
	android:screenOrientation
		ADDED from src\main\AndroidManifest.xml:252:13-49
	android:label
		ADDED from src\main\AndroidManifest.xml:251:13-45
	android:windowSoftInputMode
		ADDED from src\main\AndroidManifest.xml:253:13-64
	android:name
		ADDED from src\main\AndroidManifest.xml:250:13-77
activity#com.zq.xinjiang.approval.view.pic1.TestPicActivity1
ADDED from src\main\AndroidManifest.xml:255:9-261:20
	android:screenOrientation
		ADDED from src\main\AndroidManifest.xml:258:13-49
	android:label
		ADDED from src\main\AndroidManifest.xml:257:13-45
	android:windowSoftInputMode
		ADDED from src\main\AndroidManifest.xml:260:13-64
	android:theme
		ADDED from src\main\AndroidManifest.xml:259:13-43
	android:name
		ADDED from src\main\AndroidManifest.xml:256:13-79
activity#com.zq.xinjiang.approval.view.pic1.ImageGridActivity1
ADDED from src\main\AndroidManifest.xml:262:9-268:20
	android:screenOrientation
		ADDED from src\main\AndroidManifest.xml:265:13-49
	android:label
		ADDED from src\main\AndroidManifest.xml:264:13-45
	android:windowSoftInputMode
		ADDED from src\main\AndroidManifest.xml:267:13-64
	android:theme
		ADDED from src\main\AndroidManifest.xml:266:13-43
	android:name
		ADDED from src\main\AndroidManifest.xml:263:13-81
activity#com.zq.xinjiang.approval.view.pic1.PhotoActivity1
ADDED from src\main\AndroidManifest.xml:269:9-275:20
	android:screenOrientation
		ADDED from src\main\AndroidManifest.xml:272:13-49
	android:label
		ADDED from src\main\AndroidManifest.xml:271:13-45
	android:windowSoftInputMode
		ADDED from src\main\AndroidManifest.xml:274:13-64
	android:theme
		ADDED from src\main\AndroidManifest.xml:273:13-60
	android:name
		ADDED from src\main\AndroidManifest.xml:270:13-77
activity#com.zq.xinjiang.approval.aactivity.GuanYuWoMenActivity
ADDED from src\main\AndroidManifest.xml:276:9-282:20
	android:screenOrientation
		ADDED from src\main\AndroidManifest.xml:279:13-49
	android:label
		ADDED from src\main\AndroidManifest.xml:278:13-45
	android:windowSoftInputMode
		ADDED from src\main\AndroidManifest.xml:281:13-64
	android:theme
		ADDED from src\main\AndroidManifest.xml:280:13-57
	android:name
		ADDED from src\main\AndroidManifest.xml:277:13-82
activity#com.zq.xinjiang.approval.aactivity.XiuGaiMiMaActivity
ADDED from src\main\AndroidManifest.xml:283:9-289:20
	android:screenOrientation
		ADDED from src\main\AndroidManifest.xml:286:13-49
	android:label
		ADDED from src\main\AndroidManifest.xml:285:13-45
	android:windowSoftInputMode
		ADDED from src\main\AndroidManifest.xml:288:13-64
	android:theme
		ADDED from src\main\AndroidManifest.xml:287:13-57
	android:name
		ADDED from src\main\AndroidManifest.xml:284:13-81
activity#com.zq.xinjiang.approval.homeactivity.DaiBanShiXiangActivity
ADDED from src\main\AndroidManifest.xml:290:9-296:20
	android:screenOrientation
		ADDED from src\main\AndroidManifest.xml:293:13-49
	android:label
		ADDED from src\main\AndroidManifest.xml:292:13-45
	android:windowSoftInputMode
		ADDED from src\main\AndroidManifest.xml:295:13-64
	android:theme
		ADDED from src\main\AndroidManifest.xml:294:13-57
	android:name
		ADDED from src\main\AndroidManifest.xml:291:13-88
activity#com.zq.xinjiang.approval.homeactivity.GeRenBanJianActivity
ADDED from src\main\AndroidManifest.xml:297:9-303:20
	android:screenOrientation
		ADDED from src\main\AndroidManifest.xml:300:13-49
	android:label
		ADDED from src\main\AndroidManifest.xml:299:13-45
	android:windowSoftInputMode
		ADDED from src\main\AndroidManifest.xml:302:13-64
	android:theme
		ADDED from src\main\AndroidManifest.xml:301:13-57
	android:name
		ADDED from src\main\AndroidManifest.xml:298:13-86
activity#com.zq.xinjiang.approval.fragment.BuMenBanJianFragment
ADDED from src\main\AndroidManifest.xml:304:9-310:20
	android:screenOrientation
		ADDED from src\main\AndroidManifest.xml:308:13-49
	android:label
		ADDED from src\main\AndroidManifest.xml:306:13-45
	android:windowSoftInputMode
		ADDED from src\main\AndroidManifest.xml:309:13-64
	android:theme
		ADDED from src\main\AndroidManifest.xml:307:13-57
	android:name
		ADDED from src\main\AndroidManifest.xml:305:13-82
activity#com.zq.xinjiang.approval.homeactivity.YiChangBanJianActivity
ADDED from src\main\AndroidManifest.xml:311:9-317:20
	android:screenOrientation
		ADDED from src\main\AndroidManifest.xml:314:13-49
	android:label
		ADDED from src\main\AndroidManifest.xml:313:13-45
	android:windowSoftInputMode
		ADDED from src\main\AndroidManifest.xml:316:13-64
	android:theme
		ADDED from src\main\AndroidManifest.xml:315:13-57
	android:name
		ADDED from src\main\AndroidManifest.xml:312:13-88
activity#com.zq.xinjiang.approval.aactivity.ShouFeiLieBiaoActivity
ADDED from src\main\AndroidManifest.xml:318:9-324:20
	android:screenOrientation